<?xml version="1.0" encoding="UTF-8"?>
<!-- Generated by org.testng.reporters.JUnitXMLReporter -->
<testsuite ignored="3" hostname="TXCHD-LAP-187" failures="0" tests="1" name="Smoke Tests" time="17.854" errors="0" timestamp="2021-09-13T12:30:11 IST">
  <testcase classname="testsMoreMenuItem.AdvertisePageTests" name="getAdvertisePage" time="9.066"/>
  <testcase classname="testsMoreMenuItem.AdvertisePageTests" name="getAdvertisePageMetaTitle" time="0.0">
    <ignored/>
  </testcase> <!-- getAdvertisePageMetaTitle -->
  <testcase classname="testsMoreMenuItem.AdvertisePageTests" name="getAdvertisePageImage" time="0.0">
    <ignored/>
  </testcase> <!-- getAdvertisePageImage -->
  <testcase classname="testsMoreMenuItem.AdvertisePageTests" name="getAdvertisePageFormTitle" time="0.0">
    <ignored/>
  </testcase> <!-- getAdvertisePageFormTitle -->
</testsuite> <!-- Smoke Tests -->
