<?xml version="1.0" encoding="UTF-8"?>
<!-- Generated by org.testng.reporters.JUnitXMLReporter -->
<testsuite ignored="3" hostname="TXCHD-LAP-187" failures="0" tests="1" name="Test" time="14.963" errors="0" timestamp="2021-09-13T12:19:25 IST">
  <testcase classname="testsMoreMenuItem.AdvertisePageTests" name="getAdvertisePage" time="8.55"/>
  <testcase classname="testsMoreMenuItem.AdvertisePageTests" name="getAdvertisePageMetaTitle" time="0.0">
    <ignored/>
  </testcase> <!-- getAdvertisePageMetaTitle -->
  <testcase classname="testsMoreMenuItem.AdvertisePageTests" name="getAdvertisePageImage" time="0.0">
    <ignored/>
  </testcase> <!-- getAdvertisePageImage -->
  <testcase classname="testsMoreMenuItem.AdvertisePageTests" name="getAdvertisePageFormTitle" time="0.0">
    <ignored/>
  </testcase> <!-- getAdvertisePageFormTitle -->
</testsuite> <!-- Test -->
